
  .   ____          _            __ _ _
 /\\ / ___'_ __ _ _(_)_ __  __ _ \ \ \ \
( ( )\___ | '_ | '_| | '_ \/ _` | \ \ \ \
 \\/  ___)| |_)| | | | | || (_| |  ) ) ) )
  '  |____| .__|_| |_|_| |_\__, | / / / /
 =========|_|==============|___/=/_/_/_/
 :: Spring Boot ::                (v3.2.4)

2025-12-11T16:48:48.981+09:00  INFO 605667 --- [api-gateway] [           main] c.c.gateway.GatewayApplicationKt         : Starting GatewayApplicationKt v0.0.1 using Java 17.0.17 with PID 605667 (/home/pduser/pd3/work/BE-CoverCloud/api-gateway/build/libs/api-gateway-0.0.1.jar started by pduser in /home/pduser/pd3/work/BE-CoverCloud)
2025-12-11T16:48:48.987+09:00  INFO 605667 --- [api-gateway] [           main] c.c.gateway.GatewayApplicationKt         : No active profile set, falling back to 1 default profile: "default"
2025-12-11T16:48:50.539+09:00  INFO 605667 --- [api-gateway] [           main] o.s.cloud.context.scope.GenericScope     : BeanFactory id=dbb8feb1-f589-3427-8d35-0bf0852c7b0f
2025-12-11T16:48:51.541+09:00 DEBUG 605667 --- [api-gateway] [           main] o.s.c.gateway.config.GatewayProperties   : Routes supplied from Gateway Properties: [RouteDefinition{id='user-service', predicates=[PredicateDefinition{name='Path', args={_genkey_0=/api/auth/**, _genkey_1=/api/test/**, _genkey_2=/oauth2/**, _genkey_3=/login/**}}], filters=[FilterDefinition{name='RewritePath', args={_genkey_0=/(?<segment>.*), _genkey_1=/$\{segment}}}], uri=http://localhost:8081, order=0, metadata={}}, RouteDefinition{id='cover-service', predicates=[PredicateDefinition{name='Path', args={_genkey_0=/api/cover/**}}], filters=[FilterDefinition{name='RewritePath', args={_genkey_0=/(?<segment>.*), _genkey_1=/$\{segment}}}], uri=http://localhost:8082, order=0, metadata={}}, RouteDefinition{id='music-service', predicates=[PredicateDefinition{name='Path', args={_genkey_0=/api/music/**}}], filters=[FilterDefinition{name='RewritePath', args={_genkey_0=/(?<segment>.*), _genkey_1=/$\{segment}}}], uri=http://localhost:8083, order=0, metadata={}}]
2025-12-11T16:48:51.644+09:00  INFO 605667 --- [api-gateway] [           main] o.s.c.g.r.RouteDefinitionRouteLocator    : Loaded RoutePredicateFactory [After]
2025-12-11T16:48:51.644+09:00  INFO 605667 --- [api-gateway] [           main] o.s.c.g.r.RouteDefinitionRouteLocator    : Loaded RoutePredicateFactory [Before]
2025-12-11T16:48:51.644+09:00  INFO 605667 --- [api-gateway] [           main] o.s.c.g.r.RouteDefinitionRouteLocator    : Loaded RoutePredicateFactory [Between]
2025-12-11T16:48:51.644+09:00  INFO 605667 --- [api-gateway] [           main] o.s.c.g.r.RouteDefinitionRouteLocator    : Loaded RoutePredicateFactory [Cookie]
2025-12-11T16:48:51.644+09:00  INFO 605667 --- [api-gateway] [           main] o.s.c.g.r.RouteDefinitionRouteLocator    : Loaded RoutePredicateFactory [Header]
2025-12-11T16:48:51.644+09:00  INFO 605667 --- [api-gateway] [           main] o.s.c.g.r.RouteDefinitionRouteLocator    : Loaded RoutePredicateFactory [Host]
2025-12-11T16:48:51.644+09:00  INFO 605667 --- [api-gateway] [           main] o.s.c.g.r.RouteDefinitionRouteLocator    : Loaded RoutePredicateFactory [Method]
2025-12-11T16:48:51.644+09:00  INFO 605667 --- [api-gateway] [           main] o.s.c.g.r.RouteDefinitionRouteLocator    : Loaded RoutePredicateFactory [Path]
2025-12-11T16:48:51.644+09:00  INFO 605667 --- [api-gateway] [           main] o.s.c.g.r.RouteDefinitionRouteLocator    : Loaded RoutePredicateFactory [Query]
2025-12-11T16:48:51.644+09:00  INFO 605667 --- [api-gateway] [           main] o.s.c.g.r.RouteDefinitionRouteLocator    : Loaded RoutePredicateFactory [ReadBody]
2025-12-11T16:48:51.644+09:00  INFO 605667 --- [api-gateway] [           main] o.s.c.g.r.RouteDefinitionRouteLocator    : Loaded RoutePredicateFactory [RemoteAddr]
2025-12-11T16:48:51.644+09:00  INFO 605667 --- [api-gateway] [           main] o.s.c.g.r.RouteDefinitionRouteLocator    : Loaded RoutePredicateFactory [XForwardedRemoteAddr]
2025-12-11T16:48:51.645+09:00  INFO 605667 --- [api-gateway] [           main] o.s.c.g.r.RouteDefinitionRouteLocator    : Loaded RoutePredicateFactory [Weight]
2025-12-11T16:48:51.645+09:00  INFO 605667 --- [api-gateway] [           main] o.s.c.g.r.RouteDefinitionRouteLocator    : Loaded RoutePredicateFactory [CloudFoundryRouteService]
2025-12-11T16:48:54.063+09:00  WARN 605667 --- [api-gateway] [           main] onfigReactiveWebServerApplicationContext : Exception encountered during context initialization - cancelling refresh attempt: org.springframework.context.ApplicationContextException: Failed to start bean 'webServerStartStop'
2025-12-11T16:48:54.087+09:00  INFO 605667 --- [api-gateway] [           main] .s.b.a.l.ConditionEvaluationReportLogger : 

Error starting ApplicationContext. To display the condition evaluation report re-run your application with 'debug' enabled.
2025-12-11T16:48:54.135+09:00 ERROR 605667 --- [api-gateway] [           main] o.s.b.d.LoggingFailureAnalysisReporter   : 

***************************
APPLICATION FAILED TO START
***************************

Description:

Web server failed to start. Port 8080 was already in use.

Action:

Identify and stop the process that's listening on port 8080 or configure this application to listen on another port.

