
  .   ____          _            __ _ _
 /\\ / ___'_ __ _ _(_)_ __  __ _ \ \ \ \
( ( )\___ | '_ | '_| | '_ \/ _` | \ \ \ \
 \\/  ___)| |_)| | | | | || (_| |  ) ) ) )
  '  |____| .__|_| |_|_| |_\__, | / / / /
 =========|_|==============|___/=/_/_/_/
 :: Spring Boot ::                (v3.2.4)

2025-12-18T14:37:53.159+09:00  INFO 164948 --- [cover-service] [           main] c.c.cover.CoverServiceApplicationKt      : Starting CoverServiceApplicationKt v0.0.1 using Java 17.0.17 with PID 164948 (/home/pduser/pd3/work/BE-CoverCloud/cover-service/build/libs/cover-service-0.0.1.jar started by pduser in /home/pduser/pd3/work/BE-CoverCloud)
2025-12-18T14:37:53.210+09:00  INFO 164948 --- [cover-service] [           main] c.c.cover.CoverServiceApplicationKt      : No active profile set, falling back to 1 default profile: "default"
2025-12-18T14:38:00.868+09:00  INFO 164948 --- [cover-service] [           main] .s.d.r.c.RepositoryConfigurationDelegate : Multiple Spring Data modules found, entering strict repository configuration mode
2025-12-18T14:38:00.913+09:00  INFO 164948 --- [cover-service] [           main] .s.d.r.c.RepositoryConfigurationDelegate : Bootstrapping Spring Data JPA repositories in DEFAULT mode.
2025-12-18T14:38:01.302+09:00  INFO 164948 --- [cover-service] [           main] .s.d.r.c.RepositoryConfigurationDelegate : Finished Spring Data repository scanning in 313 ms. Found 4 JPA repository interfaces.
2025-12-18T14:38:01.542+09:00  INFO 164948 --- [cover-service] [           main] .s.d.r.c.RepositoryConfigurationDelegate : Multiple Spring Data modules found, entering strict repository configuration mode
2025-12-18T14:38:01.553+09:00  INFO 164948 --- [cover-service] [           main] .s.d.r.c.RepositoryConfigurationDelegate : Bootstrapping Spring Data Redis repositories in DEFAULT mode.
2025-12-18T14:38:01.726+09:00  INFO 164948 --- [cover-service] [           main] .RepositoryConfigurationExtensionSupport : Spring Data Redis - Could not safely identify store assignment for repository candidate interface com.covercloud.cover.repository.TagRepository; If you want this repository to be a Redis repository, consider annotating your entities with one of these annotations: org.springframework.data.redis.core.RedisHash (preferred), or consider extending one of the following types with your repository: org.springframework.data.keyvalue.repository.KeyValueRepository
2025-12-18T14:38:01.726+09:00  INFO 164948 --- [cover-service] [           main] .RepositoryConfigurationExtensionSupport : Spring Data Redis - Could not safely identify store assignment for repository candidate interface com.covercloud.cover.repository.CommentRepository; If you want this repository to be a Redis repository, consider annotating your entities with one of these annotations: org.springframework.data.redis.core.RedisHash (preferred), or consider extending one of the following types with your repository: org.springframework.data.keyvalue.repository.KeyValueRepository
2025-12-18T14:38:01.726+09:00  INFO 164948 --- [cover-service] [           main] .RepositoryConfigurationExtensionSupport : Spring Data Redis - Could not safely identify store assignment for repository candidate interface com.covercloud.cover.repository.CoverRepository; If you want this repository to be a Redis repository, consider annotating your entities with one of these annotations: org.springframework.data.redis.core.RedisHash (preferred), or consider extending one of the following types with your repository: org.springframework.data.keyvalue.repository.KeyValueRepository
2025-12-18T14:38:01.727+09:00  INFO 164948 --- [cover-service] [           main] .RepositoryConfigurationExtensionSupport : Spring Data Redis - Could not safely identify store assignment for repository candidate interface com.covercloud.cover.repository.CoverTagRepository; If you want this repository to be a Redis repository, consider annotating your entities with one of these annotations: org.springframework.data.redis.core.RedisHash (preferred), or consider extending one of the following types with your repository: org.springframework.data.keyvalue.repository.KeyValueRepository
2025-12-18T14:38:01.727+09:00  INFO 164948 --- [cover-service] [           main] .s.d.r.c.RepositoryConfigurationDelegate : Finished Spring Data repository scanning in 20 ms. Found 0 Redis repository interfaces.
2025-12-18T14:38:02.551+09:00  INFO 164948 --- [cover-service] [           main] o.s.cloud.context.scope.GenericScope     : BeanFactory id=7d1ba22a-a2a0-330f-9af1-47ef9897ff58
2025-12-18T14:38:03.484+09:00  INFO 164948 --- [cover-service] [           main] o.s.b.w.embedded.tomcat.TomcatWebServer  : Tomcat initialized with port 8082 (http)
2025-12-18T14:38:03.510+09:00  INFO 164948 --- [cover-service] [           main] o.apache.catalina.core.StandardService   : Starting service [Tomcat]
2025-12-18T14:38:03.511+09:00  INFO 164948 --- [cover-service] [           main] o.apache.catalina.core.StandardEngine    : Starting Servlet engine: [Apache Tomcat/10.1.19]
2025-12-18T14:38:03.723+09:00  INFO 164948 --- [cover-service] [           main] o.a.c.c.C.[Tomcat].[localhost].[/]       : Initializing Spring embedded WebApplicationContext
2025-12-18T14:38:03.726+09:00  INFO 164948 --- [cover-service] [           main] w.s.c.ServletWebServerApplicationContext : Root WebApplicationContext: initialization completed in 9724 ms
2025-12-18T14:38:04.479+09:00  INFO 164948 --- [cover-service] [           main] o.hibernate.jpa.internal.util.LogHelper  : HHH000204: Processing PersistenceUnitInfo [name: default]
2025-12-18T14:38:04.774+09:00  INFO 164948 --- [cover-service] [           main] org.hibernate.Version                    : HHH000412: Hibernate ORM core version 6.4.4.Final
2025-12-18T14:38:04.883+09:00  INFO 164948 --- [cover-service] [           main] o.h.c.internal.RegionFactoryInitiator    : HHH000026: Second-level cache disabled
2025-12-18T14:38:05.313+09:00  INFO 164948 --- [cover-service] [           main] o.s.o.j.p.SpringPersistenceUnitInfo      : No LoadTimeWeaver setup: ignoring JPA class transformer
2025-12-18T14:38:05.361+09:00  INFO 164948 --- [cover-service] [           main] com.zaxxer.hikari.HikariDataSource       : HikariPool-1 - Starting...
2025-12-18T14:38:05.829+09:00  INFO 164948 --- [cover-service] [           main] com.zaxxer.hikari.pool.HikariPool        : HikariPool-1 - Added connection com.mysql.cj.jdbc.ConnectionImpl@407f2029
2025-12-18T14:38:05.833+09:00  INFO 164948 --- [cover-service] [           main] com.zaxxer.hikari.HikariDataSource       : HikariPool-1 - Start completed.
2025-12-18T14:38:07.571+09:00  INFO 164948 --- [cover-service] [           main] o.h.e.t.j.p.i.JtaPlatformInitiator       : HHH000489: No JTA platform available (set 'hibernate.transaction.jta.platform' to enable JTA platform integration)
2025-12-18T14:38:07.863+09:00  INFO 164948 --- [cover-service] [           main] j.LocalContainerEntityManagerFactoryBean : Initialized JPA EntityManagerFactory for persistence unit 'default'
2025-12-18T14:38:09.315+09:00  WARN 164948 --- [cover-service] [           main] JpaBaseConfiguration$JpaWebConfiguration : spring.jpa.open-in-view is enabled by default. Therefore, database queries may be performed during view rendering. Explicitly configure spring.jpa.open-in-view to disable this warning
2025-12-18T14:38:11.023+09:00  INFO 164948 --- [cover-service] [           main] o.s.b.w.embedded.tomcat.TomcatWebServer  : Tomcat started on port 8082 (http) with context path ''
2025-12-18T14:38:11.074+09:00  INFO 164948 --- [cover-service] [           main] c.c.cover.CoverServiceApplicationKt      : Started CoverServiceApplicationKt in 22.773 seconds (process running for 24.587)
