
  .   ____          _            __ _ _
 /\\ / ___'_ __ _ _(_)_ __  __ _ \ \ \ \
( ( )\___ | '_ | '_| | '_ \/ _` | \ \ \ \
 \\/  ___)| |_)| | | | | || (_| |  ) ) ) )
  '  |____| .__|_| |_|_| |_\__, | / / / /
 =========|_|==============|___/=/_/_/_/
 :: Spring Boot ::                (v3.2.4)

2025-12-18T14:37:46.797+09:00  INFO 164784 --- [user-service] [           main] c.c.user.UserServiceApplicationKt        : Starting UserServiceApplicationKt v0.0.1 using Java 17.0.17 with PID 164784 (/home/pduser/pd3/work/BE-CoverCloud/user-service/build/libs/user-service-0.0.1.jar started by pduser in /home/pduser/pd3/work/BE-CoverCloud)
2025-12-18T14:37:46.815+09:00 DEBUG 164784 --- [user-service] [           main] c.c.user.UserServiceApplicationKt        : Running with Spring Boot v3.2.4, Spring v6.1.5
2025-12-18T14:37:46.818+09:00  INFO 164784 --- [user-service] [           main] c.c.user.UserServiceApplicationKt        : No active profile set, falling back to 1 default profile: "default"
2025-12-18T14:37:56.338+09:00  INFO 164784 --- [user-service] [           main] .s.d.r.c.RepositoryConfigurationDelegate : Bootstrapping Spring Data JPA repositories in DEFAULT mode.
2025-12-18T14:37:56.632+09:00  INFO 164784 --- [user-service] [           main] .s.d.r.c.RepositoryConfigurationDelegate : Finished Spring Data repository scanning in 262 ms. Found 2 JPA repository interfaces.
2025-12-18T14:37:59.117+09:00  INFO 164784 --- [user-service] [           main] o.s.b.w.embedded.tomcat.TomcatWebServer  : Tomcat initialized with port 8081 (http)
2025-12-18T14:37:59.176+09:00  INFO 164784 --- [user-service] [           main] o.apache.catalina.core.StandardService   : Starting service [Tomcat]
2025-12-18T14:37:59.176+09:00  INFO 164784 --- [user-service] [           main] o.apache.catalina.core.StandardEngine    : Starting Servlet engine: [Apache Tomcat/10.1.19]
2025-12-18T14:37:59.727+09:00  INFO 164784 --- [user-service] [           main] o.a.c.c.C.[Tomcat].[localhost].[/]       : Initializing Spring embedded WebApplicationContext
2025-12-18T14:37:59.731+09:00  INFO 164784 --- [user-service] [           main] w.s.c.ServletWebServerApplicationContext : Root WebApplicationContext: initialization completed in 11540 ms
2025-12-18T14:38:00.633+09:00  INFO 164784 --- [user-service] [           main] o.hibernate.jpa.internal.util.LogHelper  : HHH000204: Processing PersistenceUnitInfo [name: default]
2025-12-18T14:38:01.132+09:00  INFO 164784 --- [user-service] [           main] org.hibernate.Version                    : HHH000412: Hibernate ORM core version 6.4.4.Final
2025-12-18T14:38:01.188+09:00  INFO 164784 --- [user-service] [           main] o.h.c.internal.RegionFactoryInitiator    : HHH000026: Second-level cache disabled
2025-12-18T14:38:02.534+09:00  INFO 164784 --- [user-service] [           main] o.s.o.j.p.SpringPersistenceUnitInfo      : No LoadTimeWeaver setup: ignoring JPA class transformer
2025-12-18T14:38:02.588+09:00  INFO 164784 --- [user-service] [           main] com.zaxxer.hikari.HikariDataSource       : HikariPool-1 - Starting...
2025-12-18T14:38:04.222+09:00  INFO 164784 --- [user-service] [           main] com.zaxxer.hikari.pool.HikariPool        : HikariPool-1 - Added connection com.mysql.cj.jdbc.ConnectionImpl@75dc1c1c
2025-12-18T14:38:04.225+09:00  INFO 164784 --- [user-service] [           main] com.zaxxer.hikari.HikariDataSource       : HikariPool-1 - Start completed.
2025-12-18T14:38:05.823+09:00  INFO 164784 --- [user-service] [           main] o.h.e.t.j.p.i.JtaPlatformInitiator       : HHH000489: No JTA platform available (set 'hibernate.transaction.jta.platform' to enable JTA platform integration)
2025-12-18T14:38:06.327+09:00  INFO 164784 --- [user-service] [           main] j.LocalContainerEntityManagerFactoryBean : Initialized JPA EntityManagerFactory for persistence unit 'default'
2025-12-18T14:38:07.472+09:00  WARN 164784 --- [user-service] [           main] JpaBaseConfiguration$JpaWebConfiguration : spring.jpa.open-in-view is enabled by default. Therefore, database queries may be performed during view rendering. Explicitly configure spring.jpa.open-in-view to disable this warning
2025-12-18T14:38:07.856+09:00 DEBUG 164784 --- [user-service] [           main] s.w.s.m.m.a.RequestMappingHandlerMapping : 10 mappings in 'requestMappingHandlerMapping'
2025-12-18T14:38:07.999+09:00 DEBUG 164784 --- [user-service] [           main] o.s.w.s.handler.SimpleUrlHandlerMapping  : Patterns [/webjars/**, /**] in 'resourceHandlerMapping'
2025-12-18T14:38:08.138+09:00  INFO 164784 --- [user-service] [           main] o.s.s.web.DefaultSecurityFilterChain     : Will secure any request with [org.springframework.security.web.session.DisableEncodeUrlFilter@5319efc0, org.springframework.security.web.context.request.async.WebAsyncManagerIntegrationFilter@549fe529, org.springframework.security.web.context.SecurityContextHolderFilter@1fd73dcb, org.springframework.security.web.header.HeaderWriterFilter@16718e1b, org.springframework.web.filter.CorsFilter@3618486e, org.springframework.security.web.authentication.logout.LogoutFilter@1bd6bfb0, org.springframework.security.oauth2.client.web.OAuth2AuthorizationRequestRedirectFilter@4a49ce3a, org.springframework.security.oauth2.client.web.OAuth2LoginAuthenticationFilter@694dc99b, org.springframework.security.web.authentication.ui.DefaultLoginPageGeneratingFilter@277dddcf, org.springframework.security.web.authentication.ui.DefaultLogoutPageGeneratingFilter@52c68925, org.springframework.security.web.savedrequest.RequestCacheAwareFilter@62075e3d, org.springframework.security.web.servletapi.SecurityContextHolderAwareRequestFilter@63e81ac6, org.springframework.security.web.authentication.AnonymousAuthenticationFilter@4ebd0b52, org.springframework.security.web.access.ExceptionTranslationFilter@78de0f6f, org.springframework.security.web.access.intercept.AuthorizationFilter@d0538b3]
2025-12-18T14:38:08.280+09:00 DEBUG 164784 --- [user-service] [           main] s.w.s.m.m.a.RequestMappingHandlerAdapter : ControllerAdvice beans: 0 @ModelAttribute, 0 @InitBinder, 1 RequestBodyAdvice, 1 ResponseBodyAdvice
2025-12-18T14:38:08.411+09:00 DEBUG 164784 --- [user-service] [           main] .m.m.a.ExceptionHandlerExceptionResolver : ControllerAdvice beans: 0 @ExceptionHandler, 1 ResponseBodyAdvice
2025-12-18T14:38:08.791+09:00  INFO 164784 --- [user-service] [           main] o.s.b.w.embedded.tomcat.TomcatWebServer  : Tomcat started on port 8081 (http) with context path ''
2025-12-18T14:38:08.822+09:00  INFO 164784 --- [user-service] [           main] c.c.user.UserServiceApplicationKt        : Started UserServiceApplicationKt in 24.979 seconds (process running for 31.942)
